<?xml version="1.0" encoding="UTF-8"?>
<!-- Generated by org.testng.reporters.JUnitReportReporter -->
<testsuite skipped="0" hostname="DESKTOP-UE1J75F" name="com.crm.qa.testcases.HomePageTest" tests="5" failures="0" timestamp="11 Jul 2019 11:43:00 GMT" time="147.567" errors="0">
  <testcase name="AdminNameTest" time="46.047" classname="com.crm.qa.testcases.HomePageTest"/>
  <testcase name="ValidateClickDealsTest" time="23.869" classname="com.crm.qa.testcases.HomePageTest"/>
  <testcase name="ValidateClickTasksTest" time="32.111" classname="com.crm.qa.testcases.HomePageTest"/>
  <testcase name="ValidateClickContactsTest" time="27.693" classname="com.crm.qa.testcases.HomePageTest"/>
  <testcase name="ValidateHomePageTitleTest" time="17.847" classname="com.crm.qa.testcases.HomePageTest"/>
</testsuite> <!-- com.crm.qa.testcases.HomePageTest -->
