<?xml version="1.0" encoding="UTF-8"?>
<!-- Generated by org.testng.reporters.JUnitReportReporter -->
<testsuite skipped="0" hostname="DESKTOP-UE1J75F" name="com.crm.qa.testcases.LoginPageTest" tests="2" failures="0" timestamp="11 Jul 2019 10:31:42 GMT" time="37.581" errors="0">
  <testcase name="LoginPageTitleTest" time="9.757" classname="com.crm.qa.testcases.LoginPageTest"/>
  <testcase name="LoginTest" time="27.824" classname="com.crm.qa.testcases.LoginPageTest"/>
</testsuite> <!-- com.crm.qa.testcases.LoginPageTest -->
